<?xml version="1.0" encoding="UTF-8"?>
<!-- Generated by org.testng.reporters.JUnitXMLReporter -->
<testsuite hostname="Chetuiwk1317" ignored="0" name="Default test" tests="1" failures="1" timestamp="30 May 2017 17:34:27 GMT" time="28.893" errors="0">
  <testcase name="Calendar_DateTime_Picker" time="8.659" classname="calendar.with.skuli.Calendar_Skuli">
    <failure type="org.sikuli.script.FindFailed" message="can not find P(D:/amit/Java_programs/SikuliProject/libs/calendarwithsklulilibs/finaldatetime.PNG) S: 0.7 in S(0)[0,0 1366x768]">
      <![CDATA[FindFailed: can not find P(D:/amit/Java_programs/SikuliProject/libs/calendarwithsklulilibs/finaldatetime.PNG) S: 0.7 in S(0)[0,0 1366x768]
  Line 2189, in file Region.java

	at org.sikuli.script.Region.handleFindFailedShowDialog(Region.java:2189)
	at org.sikuli.script.Region.handleFindFailed(Region.java:2134)
	at org.sikuli.script.Region.wait(Region.java:2546)
	at org.sikuli.script.Region.find(Region.java:2205)
	at org.sikuli.script.Region.getLocationFromTarget(Region.java:3067)
	at org.sikuli.script.Region.click(Region.java:3534)
	at calendar.with.skuli.Calendar_Skuli.Calendar_DateTime_Picker(Calendar_Skuli.java:63)
	at sun.reflect.NativeMethodAccessorImpl.invoke0(Native Method)
	at sun.reflect.NativeMethodAccessorImpl.invoke(NativeMethodAccessorImpl.java:62)
	at sun.reflect.DelegatingMethodAccessorImpl.invoke(DelegatingMethodAccessorImpl.java:43)
	at java.lang.reflect.Method.invoke(Method.java:498)
	at org.testng.internal.MethodInvocationHelper.invokeMethod(MethodInvocationHelper.java:108)
	at org.testng.internal.Invoker.invokeMethod(Invoker.java:661)
	at org.testng.internal.Invoker.invokeTestMethod(Invoker.java:869)
	at org.testng.internal.Invoker.invokeTestMethods(Invoker.java:1193)
	at org.testng.internal.TestMethodWorker.invokeTestMethods(TestMethodWorker.java:126)
	at org.testng.internal.TestMethodWorker.run(TestMethodWorker.java:109)
	at org.testng.TestRunner.privateRun(TestRunner.java:744)
	at org.testng.TestRunner.run(TestRunner.java:602)
	at org.testng.SuiteRunner.runTest(SuiteRunner.java:380)
	at org.testng.SuiteRunner.runSequentially(SuiteRunner.java:375)
	at org.testng.SuiteRunner.privateRun(SuiteRunner.java:340)
	at org.testng.SuiteRunner.run(SuiteRunner.java:289)
	at org.testng.SuiteRunnerWorker.runSuite(SuiteRunnerWorker.java:52)
	at org.testng.SuiteRunnerWorker.run(SuiteRunnerWorker.java:86)
	at org.testng.TestNG.runSuitesSequentially(TestNG.java:1301)
	at org.testng.TestNG.runSuitesLocally(TestNG.java:1226)
	at org.testng.TestNG.runSuites(TestNG.java:1144)
	at org.testng.TestNG.run(TestNG.java:1115)
	at org.testng.remote.AbstractRemoteTestNG.run(AbstractRemoteTestNG.java:132)
	at org.testng.remote.RemoteTestNG.initAndRun(RemoteTestNG.java:230)
	at org.testng.remote.RemoteTestNG.main(RemoteTestNG.java:76)
]]>
    </failure>
  </testcase> <!-- Calendar_DateTime_Picker -->
</testsuite> <!-- Default test -->
