<?xml version="1.0" encoding="UTF-8"?>
<testng-results skipped="0" failed="1" ignored="0" total="1" passed="0">
  <reporter-output>
  </reporter-output>
  <suite name="Default suite" duration-ms="28893" started-at="2017-05-30T17:33:58Z" finished-at="2017-05-30T17:34:27Z">
    <groups>
    </groups>
    <test name="Default test" duration-ms="28893" started-at="2017-05-30T17:33:58Z" finished-at="2017-05-30T17:34:27Z">
      <class name="calendar.with.skuli.Calendar_Skuli">
        <test-method status="PASS" signature="startUp()[pri:0, instance:calendar.with.skuli.Calendar_Skuli@3e6fa38a]" name="startUp" is-config="true" duration-ms="20218" started-at="2017-05-30T23:03:58Z" finished-at="2017-05-30T23:04:18Z">
          <reporter-output>
          </reporter-output>
        </test-method> <!-- startUp -->
        <test-method status="FAIL" signature="Calendar_DateTime_Picker()[pri:0, instance:calendar.with.skuli.Calendar_Skuli@3e6fa38a]" name="Calendar_DateTime_Picker" duration-ms="8659" started-at="2017-05-30T23:04:18Z" finished-at="2017-05-30T23:04:27Z">
          <exception class="org.sikuli.script.FindFailed">
            <message>
              <![CDATA[can not find P(D:/amit/Java_programs/SikuliProject/libs/calendarwithsklulilibs/finaldatetime.PNG) S: 0.7 in S(0)[0,0 1366x768]]]>
            </message>
            <full-stacktrace>
              <![CDATA[FindFailed: can not find P(D:/amit/Java_programs/SikuliProject/libs/calendarwithsklulilibs/finaldatetime.PNG) S: 0.7 in S(0)[0,0 1366x768]
  Line 2189, in file Region.java

	at org.sikuli.script.Region.handleFindFailedShowDialog(Region.java:2189)
	at org.sikuli.script.Region.handleFindFailed(Region.java:2134)
	at org.sikuli.script.Region.wait(Region.java:2546)
	at org.sikuli.script.Region.find(Region.java:2205)
	at org.sikuli.script.Region.getLocationFromTarget(Region.java:3067)
	at org.sikuli.script.Region.click(Region.java:3534)
	at calendar.with.skuli.Calendar_Skuli.Calendar_DateTime_Picker(Calendar_Skuli.java:63)
	at sun.reflect.NativeMethodAccessorImpl.invoke0(Native Method)
	at sun.reflect.NativeMethodAccessorImpl.invoke(NativeMethodAccessorImpl.java:62)
	at sun.reflect.DelegatingMethodAccessorImpl.invoke(DelegatingMethodAccessorImpl.java:43)
	at java.lang.reflect.Method.invoke(Method.java:498)
	at org.testng.internal.MethodInvocationHelper.invokeMethod(MethodInvocationHelper.java:108)
	at org.testng.internal.Invoker.invokeMethod(Invoker.java:661)
	at org.testng.internal.Invoker.invokeTestMethod(Invoker.java:869)
	at org.testng.internal.Invoker.invokeTestMethods(Invoker.java:1193)
	at org.testng.internal.TestMethodWorker.invokeTestMethods(TestMethodWorker.java:126)
	at org.testng.internal.TestMethodWorker.run(TestMethodWorker.java:109)
	at org.testng.TestRunner.privateRun(TestRunner.java:744)
	at org.testng.TestRunner.run(TestRunner.java:602)
	at org.testng.SuiteRunner.runTest(SuiteRunner.java:380)
	at org.testng.SuiteRunner.runSequentially(SuiteRunner.java:375)
	at org.testng.SuiteRunner.privateRun(SuiteRunner.java:340)
	at org.testng.SuiteRunner.run(SuiteRunner.java:289)
	at org.testng.SuiteRunnerWorker.runSuite(SuiteRunnerWorker.java:52)
	at org.testng.SuiteRunnerWorker.run(SuiteRunnerWorker.java:86)
	at org.testng.TestNG.runSuitesSequentially(TestNG.java:1301)
	at org.testng.TestNG.runSuitesLocally(TestNG.java:1226)
	at org.testng.TestNG.runSuites(TestNG.java:1144)
	at org.testng.TestNG.run(TestNG.java:1115)
	at org.testng.remote.AbstractRemoteTestNG.run(AbstractRemoteTestNG.java:132)
	at org.testng.remote.RemoteTestNG.initAndRun(RemoteTestNG.java:230)
	at org.testng.remote.RemoteTestNG.main(RemoteTestNG.java:76)
]]>
            </full-stacktrace>
          </exception> <!-- org.sikuli.script.FindFailed -->
          <reporter-output>
          </reporter-output>
        </test-method> <!-- Calendar_DateTime_Picker -->
        <test-method status="PASS" signature="tearDown()[pri:0, instance:calendar.with.skuli.Calendar_Skuli@3e6fa38a]" name="tearDown" is-config="true" duration-ms="0" started-at="2017-05-30T23:04:27Z" finished-at="2017-05-30T23:04:27Z">
          <reporter-output>
          </reporter-output>
        </test-method> <!-- tearDown -->
      </class> <!-- calendar.with.skuli.Calendar_Skuli -->
    </test> <!-- Default test -->
  </suite> <!-- Default suite -->
</testng-results>
